
> blackbox@0.1.0 dev /Users/raghavsharma/Documents/blackbox
> next dev

▲ Next.js 16.1.1 (Turbopack)
- Local:         http://localhost:3000
- Network:       http://192.168.1.2:3000

✓ Starting...
✓ Ready in 280ms
 GET / 200 in 322ms (compile: 248ms, render: 74ms)
 GET / 200 in 24ms (compile: 2ms, render: 22ms)
✓ Compiled in 11ms
✓ Compiled in 11ms
 GET / 200 in 77ms (compile: 35ms, render: 42ms)
 GET / 200 in 24ms (compile: 3ms, render: 22ms)
✓ Compiled in 11ms
 GET / 200 in 70ms (compile: 21ms, render: 49ms)
 GET / 200 in 38ms (compile: 5ms, render: 33ms)
✓ Compiled in 11ms
 GET / 200 in 64ms (compile: 19ms, render: 45ms)
✓ Compiled in 11ms
✓ Compiled in 10ms
✓ Compiled in 13ms
 GET / 200 in 77ms (compile: 31ms, render: 46ms)
 GET / 200 in 27ms (compile: 1958µs, render: 25ms)
 GET / 200 in 32ms (compile: 4ms, render: 28ms)
 GET / 200 in 32ms (compile: 4ms, render: 28ms)
 GET / 200 in 36ms (compile: 3ms, render: 33ms)
